<?xml version="1.0" encoding="UTF-8"?>
<!-- Generated by org.testng.reporters.JUnitXMLReporter -->
<testsuite ignored="0" hostname="Lenovo-KunalPC" failures="0" tests="24" name="ChromeTest" time="0.298" errors="0" timestamp="2025-08-17T15:31:57 IST">
  <testcase classname="testNGExamples.HRMAdmin_CURD_26" name="@BeforeSuite beforeSuite" time="17.314">
    <failure type="org.openqa.selenium.NoSuchSessionException" message="invalid session id: session deleted as the browser has closed the connection
from disconnected: not connected to DevTools
  (Session info: chrome=137.0.7151.120)
Build info: version: &amp;apos;4.26.0&amp;apos;, revision: &amp;apos;69f9e5e&amp;apos;
System info: os.name: &amp;apos;Windows 10&amp;apos;, os.arch: &amp;apos;amd64&amp;apos;, os.version: &amp;apos;10.0&amp;apos;, java.version: &amp;apos;21.0.7&amp;apos;
Driver info: org.openqa.selenium.chrome.ChromeDriver
Command: [4833c5cbdc7f4973983fe94189f5a544, findElement {using=xpath, value=//h6[text()=&amp;apos;Dashboard&amp;apos;]}]
Capabilities {acceptInsecureCerts: false, browserName: chrome, browserVersion: 137.0.7151.120, chrome: {chromedriverVersion: 137.0.7151.119 (e0ac9d12dff..., userDataDir: C:\Users\kunal\AppData\Loca...}, fedcm:accounts: true, goog:chromeOptions: {debuggerAddress: localhost:61753}, networkConnectionEnabled: false, pageLoadStrategy: normal, platformName: windows, proxy: Proxy(), se:cdp: ws://localhost:61753/devtoo..., se:cdpVersion: 137.0.7151.120, setWindowRect: true, strictFileInteractability: false, timeouts: {implicit: 0, pageLoad: 300000, script: 30000}, unhandledPromptBehavior: dismiss and notify, webauthn:extension:credBlob: true, webauthn:extension:largeBlob: true, webauthn:extension:minPinLength: true, webauthn:extension:prf: true, webauthn:virtualAuthenticators: true}
Session ID: 4833c5cbdc7f4973983fe94189f5a544">
      <![CDATA[org.openqa.selenium.NoSuchSessionException: invalid session id: session deleted as the browser has closed the connection
from disconnected: not connected to DevTools
  (Session info: chrome=137.0.7151.120)
Build info: version: '4.26.0', revision: '69f9e5e'
System info: os.name: 'Windows 10', os.arch: 'amd64', os.version: '10.0', java.version: '21.0.7'
Driver info: org.openqa.selenium.chrome.ChromeDriver
Command: [4833c5cbdc7f4973983fe94189f5a544, findElement {using=xpath, value=//h6[text()='Dashboard']}]
Capabilities {acceptInsecureCerts: false, browserName: chrome, browserVersion: 137.0.7151.120, chrome: {chromedriverVersion: 137.0.7151.119 (e0ac9d12dff..., userDataDir: C:\Users\kunal\AppData\Loca...}, fedcm:accounts: true, goog:chromeOptions: {debuggerAddress: localhost:61753}, networkConnectionEnabled: false, pageLoadStrategy: normal, platformName: windows, proxy: Proxy(), se:cdp: ws://localhost:61753/devtoo..., se:cdpVersion: 137.0.7151.120, setWindowRect: true, strictFileInteractability: false, timeouts: {implicit: 0, pageLoad: 300000, script: 30000}, unhandledPromptBehavior: dismiss and notify, webauthn:extension:credBlob: true, webauthn:extension:largeBlob: true, webauthn:extension:minPinLength: true, webauthn:extension:prf: true, webauthn:virtualAuthenticators: true}
Session ID: 4833c5cbdc7f4973983fe94189f5a544
at org.openqa.selenium.remote.ErrorCodec.decode(ErrorCodec.java:167)
at org.openqa.selenium.remote.codec.w3c.W3CHttpResponseCodec.decode(W3CHttpResponseCodec.java:138)
at org.openqa.selenium.remote.codec.w3c.W3CHttpResponseCodec.decode(W3CHttpResponseCodec.java:50)
at org.openqa.selenium.remote.HttpCommandExecutor.execute(HttpCommandExecutor.java:190)
at org.openqa.selenium.remote.service.DriverCommandExecutor.invokeExecute(DriverCommandExecutor.java:216)
at org.openqa.selenium.remote.service.DriverCommandExecutor.execute(DriverCommandExecutor.java:174)
at org.openqa.selenium.remote.RemoteWebDriver.execute(RemoteWebDriver.java:545)
at org.openqa.selenium.remote.ElementLocation$ElementFinder$2.findElement(ElementLocation.java:165)
at org.openqa.selenium.remote.ElementLocation.findElement(ElementLocation.java:59)
at org.openqa.selenium.remote.RemoteWebDriver.findElement(RemoteWebDriver.java:368)
at org.openqa.selenium.remote.RemoteWebDriver.findElement(RemoteWebDriver.java:362)
at testNGExamples.HRMAdmin_CURD_26.beforeSuite(HRMAdmin_CURD_26.java:495)
... Removed 20 stack frames]]>
    </failure>
  </testcase> <!-- @BeforeSuite beforeSuite -->
  <testcase classname="testNGExamples.LaunchFlipkartFun" name="@BeforeSuite beforeSuite" time="0.0">
    <skipped/>
  </testcase> <!-- @BeforeSuite beforeSuite -->
  <testcase classname="testNGExamples.LaunchFlipkartFun" name="searchProductFun" time="0.0">
    <skipped/>
  </testcase> <!-- searchProductFun -->
  <testcase classname="testNGExamples.HRMAdmin_CURD_26" name="clickOnAdminLeftPanel" time="0.0">
    <skipped/>
  </testcase> <!-- clickOnAdminLeftPanel -->
  <testcase classname="testNGExamples.HRMAdmin_CURD_26" name="clickOnAddButton" time="0.0">
    <skipped/>
  </testcase> <!-- clickOnAddButton -->
  <testcase classname="testNGExamples.HRMAdmin_CURD_26" name="selectUserRoleDD" time="0.001">
    <skipped/>
  </testcase> <!-- selectUserRoleDD -->
  <testcase classname="testNGExamples.HRMAdmin_CURD_26" name="selectStatusDD" time="0.0">
    <skipped/>
  </testcase> <!-- selectStatusDD -->
  <testcase classname="testNGExamples.HRMAdmin_CURD_26" name="selectEmployeeName" time="0.0">
    <skipped/>
  </testcase> <!-- selectEmployeeName -->
  <testcase classname="testNGExamples.HRMAdmin_CURD_26" name="enterUsername1" time="0.0">
    <skipped/>
  </testcase> <!-- enterUsername1 -->
  <testcase classname="testNGExamples.HRMAdmin_CURD_26" name="enterPassword1" time="0.0">
    <skipped/>
  </testcase> <!-- enterPassword1 -->
  <testcase classname="testNGExamples.HRMAdmin_CURD_26" name="enterConfirmPassword" time="0.0">
    <skipped/>
  </testcase> <!-- enterConfirmPassword -->
  <testcase classname="testNGExamples.HRMAdmin_CURD_26" name="clickOnSaveButton" time="0.0">
    <skipped/>
  </testcase> <!-- clickOnSaveButton -->
  <testcase classname="testNGExamples.HRMAdmin_CURD_26" name="searchUserName" time="0.0">
    <skipped/>
  </testcase> <!-- searchUserName -->
  <testcase classname="testNGExamples.HRMAdmin_CURD_26" name="clickOnSearchButton" time="0.0">
    <skipped/>
  </testcase> <!-- clickOnSearchButton -->
  <testcase classname="testNGExamples.HRMAdmin_CURD_26" name="clickOnEditIcon" time="0.0">
    <skipped/>
  </testcase> <!-- clickOnEditIcon -->
  <testcase classname="testNGExamples.HRMAdmin_CURD_26" name="selectUserRoleDD_2" time="0.0">
    <skipped/>
  </testcase> <!-- selectUserRoleDD_2 -->
  <testcase classname="testNGExamples.HRMAdmin_CURD_26" name="selectStatusDD_2" time="0.0">
    <skipped/>
  </testcase> <!-- selectStatusDD_2 -->
  <testcase classname="testNGExamples.HRMAdmin_CURD_26" name="selectEmployeeName_2" time="0.0">
    <skipped/>
  </testcase> <!-- selectEmployeeName_2 -->
  <testcase classname="testNGExamples.HRMAdmin_CURD_26" name="enterUsername_2" time="0.0">
    <skipped/>
  </testcase> <!-- enterUsername_2 -->
  <testcase classname="testNGExamples.HRMAdmin_CURD_26" name="clickOnCheckBox" time="0.0">
    <skipped/>
  </testcase> <!-- clickOnCheckBox -->
  <testcase classname="testNGExamples.HRMAdmin_CURD_26" name="enterPassword_2" time="0.0">
    <skipped/>
  </testcase> <!-- enterPassword_2 -->
  <testcase classname="testNGExamples.HRMAdmin_CURD_26" name="enterConfirmPassword_2" time="0.0">
    <skipped/>
  </testcase> <!-- enterConfirmPassword_2 -->
  <testcase classname="testNGExamples.HRMAdmin_CURD_26" name="clickOnSaveButton_2" time="0.0">
    <skipped/>
  </testcase> <!-- clickOnSaveButton_2 -->
  <testcase classname="testNGExamples.HRMAdmin_CURD_26" name="searchUserName_2" time="0.0">
    <skipped/>
  </testcase> <!-- searchUserName_2 -->
  <testcase classname="testNGExamples.HRMAdmin_CURD_26" name="clickOnSearchButton_2" time="0.0">
    <skipped/>
  </testcase> <!-- clickOnSearchButton_2 -->
  <testcase classname="testNGExamples.HRMAdmin_CURD_26" name="clickOnDeleteIcon" time="0.0">
    <skipped/>
  </testcase> <!-- clickOnDeleteIcon -->
</testsuite> <!-- ChromeTest -->
