<?xml version="1.0" encoding="UTF-8"?>
<!-- Generated by org.testng.reporters.JUnitXMLReporter -->
<testsuite ignored="0" hostname="DESKTOP-NHV86RI" failures="1" tests="23" name="Default test" time="126.105" errors="0" timestamp="2025-08-02T11:23:58 IST">
  <testcase classname="testNGExamples.HRMAdmin_CURD_26" name="clickOnAdminLeftPanel" time="1.5"/>
  <testcase classname="testNGExamples.HRMAdmin_CURD_26" name="clickOnAddButton" time="1.503"/>
  <testcase classname="testNGExamples.HRMAdmin_CURD_26" name="selectUserRoleDD" time="4.143"/>
  <testcase classname="testNGExamples.HRMAdmin_CURD_26" name="selectStatusDD" time="4.146"/>
  <testcase classname="testNGExamples.HRMAdmin_CURD_26" name="selectEmployeeName" time="8.294"/>
  <testcase classname="testNGExamples.HRMAdmin_CURD_26" name="enterUsername1" time="6.162"/>
  <testcase classname="testNGExamples.HRMAdmin_CURD_26" name="enterPassword1" time="6.162"/>
  <testcase classname="testNGExamples.HRMAdmin_CURD_26" name="enterConfirmPassword" time="6.213"/>
  <testcase classname="testNGExamples.HRMAdmin_CURD_26" name="clickOnSaveButton" time="5.112"/>
  <testcase classname="testNGExamples.HRMAdmin_CURD_26" name="searchUserName" time="4.074"/>
  <testcase classname="testNGExamples.HRMAdmin_CURD_26" name="clickOnSearchButton" time="8.143"/>
  <testcase classname="testNGExamples.HRMAdmin_CURD_26" name="clickOnEditIcon" time="4.536"/>
  <testcase classname="testNGExamples.HRMAdmin_CURD_26" name="selectUserRoleDD_2" time="4.156"/>
  <testcase classname="testNGExamples.HRMAdmin_CURD_26" name="selectStatusDD_2" time="4.113"/>
  <testcase classname="testNGExamples.HRMAdmin_CURD_26" name="selectEmployeeName_2" time="8.19"/>
  <testcase classname="testNGExamples.HRMAdmin_CURD_26" name="enterUsername_2" time="6.2"/>
  <testcase classname="testNGExamples.HRMAdmin_CURD_26" name="clickOnCheckBox" time="2.172"/>
  <testcase classname="testNGExamples.HRMAdmin_CURD_26" name="enterPassword_2" time="6.316"/>
  <testcase classname="testNGExamples.HRMAdmin_CURD_26" name="enterConfirmPassword_2" time="6.348"/>
  <testcase classname="testNGExamples.HRMAdmin_CURD_26" name="clickOnSaveButton_2" time="5.177"/>
  <testcase classname="testNGExamples.HRMAdmin_CURD_26" name="searchUserName_2" time="5.012"/>
  <testcase classname="testNGExamples.HRMAdmin_CURD_26" name="clickOnSearchButton_2" time="8.225"/>
  <testcase classname="testNGExamples.HRMAdmin_CURD_26" name="clickOnDeleteIcon" time="10.112">
    <failure type="org.openqa.selenium.TimeoutException" message="Expected condition failed: waiting for element to be clickable: By.xpath: //div[text()=&amp;apos;Actions&amp;apos;]//following::button[1] (tried for 10 second(s) with 500 milliseconds interval)
Build info: version: &amp;apos;4.34.0&amp;apos;, revision: &amp;apos;2a4c61c498&amp;apos;
System info: os.name: &amp;apos;Windows 10&amp;apos;, os.arch: &amp;apos;amd64&amp;apos;, os.version: &amp;apos;10.0&amp;apos;, java.version: &amp;apos;21.0.7&amp;apos;
Driver info: org.openqa.selenium.chrome.ChromeDriver
Capabilities {acceptInsecureCerts: false, browserName: chrome, browserVersion: 138.0.7204.170, chrome: {chromedriverVersion: 138.0.7204.183 (e90faf484dd..., userDataDir: C:\Users\DELL\AppData\Local...}, fedcm:accounts: true, goog:chromeOptions: {debuggerAddress: localhost:63461}, networkConnectionEnabled: false, pageLoadStrategy: normal, platformName: windows, proxy: Proxy(), se:cdp: ws://localhost:63461/devtoo..., se:cdpVersion: 138.0.7204.170, setWindowRect: true, strictFileInteractability: false, timeouts: {implicit: 0, pageLoad: 300000, script: 30000}, unhandledPromptBehavior: dismiss and notify, webauthn:extension:credBlob: true, webauthn:extension:largeBlob: true, webauthn:extension:minPinLength: true, webauthn:extension:prf: true, webauthn:virtualAuthenticators: true}
Session ID: ffce50ed5cfeef0f7835f53cc7bbe32f">
      <![CDATA[org.openqa.selenium.TimeoutException: Expected condition failed: waiting for element to be clickable: By.xpath: //div[text()='Actions']//following::button[1] (tried for 10 second(s) with 500 milliseconds interval)
Build info: version: '4.34.0', revision: '2a4c61c498'
System info: os.name: 'Windows 10', os.arch: 'amd64', os.version: '10.0', java.version: '21.0.7'
Driver info: org.openqa.selenium.chrome.ChromeDriver
Capabilities {acceptInsecureCerts: false, browserName: chrome, browserVersion: 138.0.7204.170, chrome: {chromedriverVersion: 138.0.7204.183 (e90faf484dd..., userDataDir: C:\Users\DELL\AppData\Local...}, fedcm:accounts: true, goog:chromeOptions: {debuggerAddress: localhost:63461}, networkConnectionEnabled: false, pageLoadStrategy: normal, platformName: windows, proxy: Proxy(), se:cdp: ws://localhost:63461/devtoo..., se:cdpVersion: 138.0.7204.170, setWindowRect: true, strictFileInteractability: false, timeouts: {implicit: 0, pageLoad: 300000, script: 30000}, unhandledPromptBehavior: dismiss and notify, webauthn:extension:credBlob: true, webauthn:extension:largeBlob: true, webauthn:extension:minPinLength: true, webauthn:extension:prf: true, webauthn:virtualAuthenticators: true}
Session ID: ffce50ed5cfeef0f7835f53cc7bbe32f
at org.openqa.selenium.support.ui.WebDriverWait.timeoutException(WebDriverWait.java:84)
at org.openqa.selenium.support.ui.FluentWait.until(FluentWait.java:228)
at testNGExamples.HRMAdmin_CURD_26.clickOnDeleteIcon(HRMAdmin_CURD_26.java:416)
at java.base/jdk.internal.reflect.DirectMethodHandleAccessor.invoke(DirectMethodHandleAccessor.java:103)
at java.base/java.lang.reflect.Method.invoke(Method.java:580)
at org.testng.internal.invokers.MethodInvocationHelper.invokeMethod(MethodInvocationHelper.java:141)
at org.testng.internal.invokers.TestInvoker.invokeMethod(TestInvoker.java:687)
at org.testng.internal.invokers.TestInvoker.invokeTestMethod(TestInvoker.java:230)
at org.testng.internal.invokers.MethodRunner.runInSequence(MethodRunner.java:63)
at org.testng.internal.invokers.TestInvoker$MethodInvocationAgent.invoke(TestInvoker.java:995)
at org.testng.internal.invokers.TestInvoker.invokeTestMethods(TestInvoker.java:203)
at org.testng.internal.invokers.TestMethodWorker.invokeTestMethods(TestMethodWorker.java:154)
at org.testng.internal.invokers.TestMethodWorker.run(TestMethodWorker.java:134)
at java.base/java.util.ArrayList.forEach(ArrayList.java:1596)
at org.testng.TestRunner.privateRun(TestRunner.java:741)
at org.testng.TestRunner.run(TestRunner.java:616)
at org.testng.SuiteRunner.runTest(SuiteRunner.java:421)
at org.testng.SuiteRunner.runSequentially(SuiteRunner.java:413)
at org.testng.SuiteRunner.privateRun(SuiteRunner.java:373)
at org.testng.SuiteRunner.run(SuiteRunner.java:312)
at org.testng.SuiteRunnerWorker.runSuite(SuiteRunnerWorker.java:52)
at org.testng.SuiteRunnerWorker.run(SuiteRunnerWorker.java:95)
at org.testng.TestNG.runSuitesSequentially(TestNG.java:1274)
at org.testng.TestNG.runSuitesLocally(TestNG.java:1208)
at org.testng.TestNG.runSuites(TestNG.java:1112)
at org.testng.TestNG.run(TestNG.java:1079)
at org.testng.remote.AbstractRemoteTestNG.run(AbstractRemoteTestNG.java:115)
at org.testng.remote.RemoteTestNG.initAndRun(RemoteTestNG.java:293)
at org.testng.remote.RemoteTestNG.main(RemoteTestNG.java:91)
]]>
    </failure>
  </testcase> <!-- clickOnDeleteIcon -->
</testsuite> <!-- Default test -->
