<?xml version="1.0" encoding="UTF-8"?>
<!-- Generated by org.testng.reporters.JUnitReportReporter -->
<testsuite hostname="DESKTOP-NHV86RI" failures="0" tests="5" name="testNGExamples.HRMPIM_CURD_27" time="48.029" errors="1" timestamp="2025-08-06T14:22:43 IST" skipped="0">
  <testcase classname="testNGExamples.HRMPIM_CURD_27" name="clickOnPIMLeftPanel" time="1.738">
    <system-out>
      <![CDATA[PIMTab clicked successfully------------> 
PIMPage Get Text Verify Displayed Successfully.PIM
PIMPage Boolean Verify Displayed successfully------------> true]]>
    </system-out>
  </testcase> <!-- clickOnPIMLeftPanel -->
  <testcase classname="testNGExamples.HRMPIM_CURD_27" name="clickOnLeftPanelTab" time="3.355"/>
  <testcase classname="testNGExamples.HRMPIM_CURD_27" name="clickOnAddButton" time="2.562">
    <system-out>
      <![CDATA[Add Button Clicked Successfully.]]>
    </system-out>
  </testcase> <!-- clickOnAddButton -->
  <testcase classname="testNGExamples.HRMPIM_CURD_27" name="enterEmployeeDetails" time="29.956">
    <system-out>
      <![CDATA[Enter First Name
Enter Last Name
Click On Toogle Button
Select All Text----> 
Remove All Text----> 
Username Entered Successfully----> kunal187
Select All Text----> 
Remove All Text----> 
Password Entered Successfully----> Kunal@123
Select All Text----> 
Remove All Text----> 
Confirm Password Entered Successfully----> Kunal@123
Click On Save Button Successfully.]]>
    </system-out>
  </testcase> <!-- enterEmployeeDetails -->
  <testcase classname="testNGExamples.HRMPIM_CURD_27" name="searchUserName" time="10.418">
    <error message="Expected condition failed: waiting for element to be clickable: By.xpath: //label[text()=&#039;Employee Name&#039;]//following::input[1] (tried for 10 second(s) with 500 milliseconds interval)
Build info: version: &#039;4.34.0&#039;, revision: &#039;2a4c61c498&#039;
System info: os.name: &#039;Windows 11&#039;, os.arch: &#039;amd64&#039;, os.version: &#039;10.0&#039;, java.version: &#039;24.0.2&#039;
Driver info: org.openqa.selenium.chrome.ChromeDriver
Capabilities {acceptInsecureCerts: false, browserName: chrome, browserVersion: 138.0.7204.184, chrome: {chromedriverVersion: 138.0.7204.183 (e90faf484dd..., userDataDir: C:\Users\DELL\AppData\Local...}, fedcm:accounts: true, goog:chromeOptions: {debuggerAddress: localhost:65123}, networkConnectionEnabled: false, pageLoadStrategy: normal, platformName: windows, proxy: Proxy(), se:cdp: ws://localhost:65123/devtoo..., se:cdpVersion: 138.0.7204.184, setWindowRect: true, strictFileInteractability: false, timeouts: {implicit: 0, pageLoad: 300000, script: 30000}, unhandledPromptBehavior: dismiss and notify, webauthn:extension:credBlob: true, webauthn:extension:largeBlob: true, webauthn:extension:minPinLength: true, webauthn:extension:prf: true, webauthn:virtualAuthenticators: true}
Session ID: 3d00a5774dcb2d7dbac8315b1986a277" type="org.openqa.selenium.TimeoutException">
      <![CDATA[org.openqa.selenium.TimeoutException: Expected condition failed: waiting for element to be clickable: By.xpath: //label[text()='Employee Name']//following::input[1] (tried for 10 second(s) with 500 milliseconds interval)
Build info: version: '4.34.0', revision: '2a4c61c498'
System info: os.name: 'Windows 11', os.arch: 'amd64', os.version: '10.0', java.version: '24.0.2'
Driver info: org.openqa.selenium.chrome.ChromeDriver
Capabilities {acceptInsecureCerts: false, browserName: chrome, browserVersion: 138.0.7204.184, chrome: {chromedriverVersion: 138.0.7204.183 (e90faf484dd..., userDataDir: C:\Users\DELL\AppData\Local...}, fedcm:accounts: true, goog:chromeOptions: {debuggerAddress: localhost:65123}, networkConnectionEnabled: false, pageLoadStrategy: normal, platformName: windows, proxy: Proxy(), se:cdp: ws://localhost:65123/devtoo..., se:cdpVersion: 138.0.7204.184, setWindowRect: true, strictFileInteractability: false, timeouts: {implicit: 0, pageLoad: 300000, script: 30000}, unhandledPromptBehavior: dismiss and notify, webauthn:extension:credBlob: true, webauthn:extension:largeBlob: true, webauthn:extension:minPinLength: true, webauthn:extension:prf: true, webauthn:virtualAuthenticators: true}
Session ID: 3d00a5774dcb2d7dbac8315b1986a277
at org.openqa.selenium.support.ui.WebDriverWait.timeoutException(WebDriverWait.java:84)
at org.openqa.selenium.support.ui.FluentWait.until(FluentWait.java:228)
at testNGExamples.HRMPIM_CURD_27.searchUserName(HRMPIM_CURD_27.java:210)
at java.base/jdk.internal.reflect.DirectMethodHandleAccessor.invoke(DirectMethodHandleAccessor.java:104)
at java.base/java.lang.reflect.Method.invoke(Method.java:565)
at org.testng.internal.invokers.MethodInvocationHelper.invokeMethod(MethodInvocationHelper.java:141)
at org.testng.internal.invokers.TestInvoker.invokeMethod(TestInvoker.java:687)
at org.testng.internal.invokers.TestInvoker.invokeTestMethod(TestInvoker.java:230)
at org.testng.internal.invokers.MethodRunner.runInSequence(MethodRunner.java:63)
at org.testng.internal.invokers.TestInvoker$MethodInvocationAgent.invoke(TestInvoker.java:995)
at org.testng.internal.invokers.TestInvoker.invokeTestMethods(TestInvoker.java:203)
at org.testng.internal.invokers.TestMethodWorker.invokeTestMethods(TestMethodWorker.java:154)
at org.testng.internal.invokers.TestMethodWorker.run(TestMethodWorker.java:134)
at java.base/java.util.ArrayList.forEach(ArrayList.java:1604)
at org.testng.TestRunner.privateRun(TestRunner.java:741)
at org.testng.TestRunner.run(TestRunner.java:616)
at org.testng.SuiteRunner.runTest(SuiteRunner.java:421)
at org.testng.SuiteRunner.runSequentially(SuiteRunner.java:413)
at org.testng.SuiteRunner.privateRun(SuiteRunner.java:373)
at org.testng.SuiteRunner.run(SuiteRunner.java:312)
at org.testng.SuiteRunnerWorker.runSuite(SuiteRunnerWorker.java:52)
at org.testng.SuiteRunnerWorker.run(SuiteRunnerWorker.java:95)
at org.testng.TestNG.runSuitesSequentially(TestNG.java:1274)
at org.testng.TestNG.runSuitesLocally(TestNG.java:1208)
at org.testng.TestNG.runSuites(TestNG.java:1112)
at org.testng.TestNG.run(TestNG.java:1079)
at org.testng.remote.AbstractRemoteTestNG.run(AbstractRemoteTestNG.java:115)
at org.testng.remote.RemoteTestNG.initAndRun(RemoteTestNG.java:293)
at org.testng.remote.RemoteTestNG.main(RemoteTestNG.java:91)
]]>
    </error>
  </testcase> <!-- searchUserName -->
  <system-out>
    <![CDATA[open Browser With Login
Login Page Displayed Successfully. -------> Login
Login Page Displayed Successfully. -------> true
Username Entered Successfully. -------> Admin
Password Entered Successfully. -------> admin123
Click On Login Successfully. -------> admin123
Dashobard Page Displayed Successfully. ------> Dashboard
Dashobard Page Displayed Successfully. ------> true
Current Page URL: ------> https://opensource-demo.orangehrmlive.com/web/index.php/dashboard/index
Current Page Title: ------> OrangeHRM
PIMTab clicked successfully------------> 
PIMPage Get Text Verify Displayed Successfully.PIM
PIMPage Boolean Verify Displayed successfully------------> true
Add Button Clicked Successfully.
Enter First Name
Enter Last Name
Click On Toogle Button
Select All Text----> 
Remove All Text----> 
Username Entered Successfully----> kunal187
Select All Text----> 
Remove All Text----> 
Password Entered Successfully----> Kunal@123
Select All Text----> 
Remove All Text----> 
Confirm Password Entered Successfully----> Kunal@123
Click On Save Button Successfully.
Clicked on profile icon
Clicked on logout link.
Login Page Displayed-------------->true
Browser Closed successfully.]]>
  </system-out>
</testsuite> <!-- testNGExamples.HRMPIM_CURD_27 -->
